<?xml version="1.0" encoding="UTF-8"?>
<testsuite xmlns:xsi="http://www.w3.org/2001/XMLSchema-instance" xsi:noNamespaceSchemaLocation="https://maven.apache.org/surefire/maven-surefire-plugin/xsd/surefire-test-report.xsd" name="StartCucumber.RunnerTest" time="0.898" tests="15" errors="0" skipped="0" failures="0">
  <properties>
[...]
</properties>
  <testcase name="Given I navigate to the Guru Banking Website" classname="| abcd | abfgg | Failed |" time="0.002"/>
  <testcase name="Then I Enter username as &quot;abcd&quot; and password as &quot;abfgg&quot; to respective field" classname="| abcd | abfgg | Failed |" time="0.001"/>
  <testcase name="And I click login button" classname="| abcd | abfgg | Failed |" time="0"/>
  <testcase name="Then User should Login base expected &quot;Failed&quot; status" classname="| abcd | abfgg | Failed |" time="0.001"/>
  <testcase name="| abcd | abfgg | Failed |" classname="| abcd | abfgg | Failed |" time="0.002"/>
  <testcase name="Given I navigate to the Guru Banking Website" classname="| ldsjnsdl | jlndlsne | failed |" time="0"/>
  <testcase name="Then I Enter username as &quot;ldsjnsdl&quot; and password as &quot;jlndlsne&quot; to respective field" classname="| ldsjnsdl | jlndlsne | failed |" time="0"/>
  <testcase name="And I click login button" classname="| ldsjnsdl | jlndlsne | failed |" time="0"/>
  <testcase name="Then User should Login base expected &quot;failed&quot; status" classname="| ldsjnsdl | jlndlsne | failed |" time="0"/>
  <testcase name="| ldsjnsdl | jlndlsne | failed |" classname="| ldsjnsdl | jlndlsne | failed |" time="0.001"/>
  <testcase name="Given I navigate to the Guru Banking Website" classname="| wewefwwe | ewfewfee | failed |" time="0"/>
  <testcase name="Then I Enter username as &quot;wewefwwe&quot; and password as &quot;ewfewfee&quot; to respective field" classname="| wewefwwe | ewfewfee | failed |" time="0.002"/>
  <testcase name="And I click login button" classname="| wewefwwe | ewfewfee | failed |" time="0"/>
  <testcase name="Then User should Login base expected &quot;failed&quot; status" classname="| wewefwwe | ewfewfee | failed |" time="0.001"/>
  <testcase name="| wewefwwe | ewfewfee | failed |" classname="| wewefwwe | ewfewfee | failed |" time="0.001"/>
</testsuite>